<?xml version="1.0" encoding="UTF-8"?>
<!-- Generated by org.testng.reporters.JUnitReportReporter -->
<testsuite skipped="0" hostname="LAPTOP-UD8M5OME" name="scripts.TC003" tests="1" failures="0" timestamp="2020-10-04T17:24:13 IST" time="33.774" errors="0">
  <testcase name="testItemAddedToKartUsingExcel" time="33.774" classname="scripts.TC003"/>
  <system-out/>
</testsuite> <!-- scripts.TC003 -->
