<?xml version="1.0" encoding="UTF-8"?>
<!-- Generated by org.testng.reporters.JUnitReportReporter -->
<testsuite skipped="0" hostname="LAPTOP-UD8M5OME" name="scripts.TC001" tests="1" failures="0" timestamp="2020-10-04T19:59:21 IST" time="21.157" errors="0">
  <testcase name="testItemAddedToKart" time="21.157" classname="scripts.TC001"/>
  <system-out/>
</testsuite> <!-- scripts.TC001 -->
